{
  "stats": {
    "suites": 2,
    "tests": 13,
    "passes": 13,
    "pending": 0,
    "failures": 0,
    "start": "2022-06-22T18:22:09.585Z",
    "end": "2022-06-22T18:22:17.318Z",
    "duration": 7733,
    "testsRegistered": 13,
    "passPercent": 100,
    "pendingPercent": 0,
    "other": 0,
    "hasOther": false,
    "skipped": 0,
    "hasSkipped": false
  },
  "results": [
    {
      "uuid": "f199c68b-c158-4bb3-b639-03e91ad541b6",
      "title": "",
      "fullFile": "cypress/integration/Kalkulator/testykalkulatora.spec.js",
      "file": "cypress/integration/Kalkulator/testykalkulatora.spec.js",
      "beforeHooks": [],
      "afterHooks": [],
      "tests": [],
      "suites": [
        {
          "uuid": "308a0cc1-a6b4-4633-bb9d-55c80fc68f32",
          "title": "Testy Kalkulatora BMI",
          "fullFile": "",
          "file": "",
          "beforeHooks": [],
          "afterHooks": [],
          "tests": [],
          "suites": [
            {
              "uuid": "1c8c744b-d245-407d-9e5d-0a2e68e1c591",
              "title": "Kalkulator BMI",
              "fullFile": "",
              "file": "",
              "beforeHooks": [],
              "afterHooks": [],
              "tests": [
                {
                  "title": "Test 1 - Odpowiednia wielkość nagłówka",
                  "fullTitle": "Testy Kalkulatora BMI Kalkulator BMI Test 1 - Odpowiednia wielkość nagłówka",
                  "timedOut": null,
                  "duration": 1159,
                  "state": "passed",
                  "speed": "fast",
                  "pass": true,
                  "fail": false,
                  "pending": false,
                  "context": null,
                  "code": "cy.get('.naglowek').should('have.css', 'font-size', '40px');",
                  "err": {},
                  "uuid": "5686f6ce-4fee-44b5-bc6c-6724f439e668",
                  "parentUUID": "1c8c744b-d245-407d-9e5d-0a2e68e1c591",
                  "isHook": false,
                  "skipped": false
                },
                {
                  "title": "Test 2 - Grubość obramowania modułów oraz marginesy",
                  "fullTitle": "Testy Kalkulatora BMI Kalkulator BMI Test 2 - Grubość obramowania modułów oraz marginesy",
                  "timedOut": null,
                  "duration": 128,
                  "state": "passed",
                  "speed": "fast",
                  "pass": true,
                  "fail": false,
                  "pending": false,
                  "context": null,
                  "code": "cy.get('.moduly > div').should('have.css', 'border', '1px solid rgb(102, 103, 171)').and('have.css', 'margin', '10px');",
                  "err": {},
                  "uuid": "d76ad0bd-9b93-4753-b645-b23daf58a2fd",
                  "parentUUID": "1c8c744b-d245-407d-9e5d-0a2e68e1c591",
                  "isHook": false,
                  "skipped": false
                },
                {
                  "title": "Test 3 - Obecność 3 modułów: Formularza, Wyników oraz Historii pomiarów",
                  "fullTitle": "Testy Kalkulatora BMI Kalkulator BMI Test 3 - Obecność 3 modułów: Formularza, Wyników oraz Historii pomiarów",
                  "timedOut": null,
                  "duration": 119,
                  "state": "passed",
                  "speed": "fast",
                  "pass": true,
                  "fail": false,
                  "pending": false,
                  "context": null,
                  "code": "cy.get('.moduly > div').should($div => {\n  expect($div).to.have.length(3);\n});\ncy.get('.modul1').should($p => {\n  expect($p).to.contain('Wpisz dane');\n});\ncy.get('.modul2').should($p => {\n  expect($p).to.contain('Wynik');\n});\ncy.get('.modul3').should($p => {\n  expect($p).to.contain('Historia pomiarów');\n});",
                  "err": {},
                  "uuid": "221120ca-9ca6-42bd-bb4f-a0041888bd4b",
                  "parentUUID": "1c8c744b-d245-407d-9e5d-0a2e68e1c591",
                  "isHook": false,
                  "skipped": false
                },
                {
                  "title": "Test 4 - Informacja o wprowadzeniu błędnych wartości wagi",
                  "fullTitle": "Testy Kalkulatora BMI Kalkulator BMI Test 4 - Informacja o wprowadzeniu błędnych wartości wagi",
                  "timedOut": null,
                  "duration": 539,
                  "state": "passed",
                  "speed": "fast",
                  "pass": true,
                  "fail": false,
                  "pending": false,
                  "context": null,
                  "code": "dane.podanaWaga().type(_bledneDane.default[0].blednaWaga);\ndane.podanyWzrost().type('120');\ndane.przyciskZatwierdz().click();\ndane.wynikWaga().should('have.text', 'waga nie jest poprawna');\ndane.wynikBMI().should('have.text', \"Wpisane dane są błędne. Popraw dane.\");",
                  "err": {},
                  "uuid": "1998e205-558b-45a7-a75e-97b2a9326e34",
                  "parentUUID": "1c8c744b-d245-407d-9e5d-0a2e68e1c591",
                  "isHook": false,
                  "skipped": false
                },
                {
                  "title": "Test 5 - Informacja o wprowadzeniu błędnych wartości wzrostu",
                  "fullTitle": "Testy Kalkulatora BMI Kalkulator BMI Test 5 - Informacja o wprowadzeniu błędnych wartości wzrostu",
                  "timedOut": null,
                  "duration": 538,
                  "state": "passed",
                  "speed": "fast",
                  "pass": true,
                  "fail": false,
                  "pending": false,
                  "context": null,
                  "code": "dane.podanaWaga().type('40');\ndane.podanyWzrost().type(_bledneDane.default[1].blednyWzrost);\ndane.przyciskZatwierdz().click();\ndane.wynikWzrost().should('have.text', 'wzrost nie jest poprawny');\ndane.wynikBMI().should('have.text', \"Wpisane dane są błędne. Popraw dane.\");",
                  "err": {},
                  "uuid": "9a75644d-fab6-4085-96c0-cf83ef3bbd8d",
                  "parentUUID": "1c8c744b-d245-407d-9e5d-0a2e68e1c591",
                  "isHook": false,
                  "skipped": false
                },
                {
                  "title": "Test 6 - Informacja o błędnych danych po zatwierdzeniu pustego formularza",
                  "fullTitle": "Testy Kalkulatora BMI Kalkulator BMI Test 6 - Informacja o błędnych danych po zatwierdzeniu pustego formularza",
                  "timedOut": null,
                  "duration": 222,
                  "state": "passed",
                  "speed": "fast",
                  "pass": true,
                  "fail": false,
                  "pending": false,
                  "context": null,
                  "code": "dane.przyciskZatwierdz().click();\ndane.wynikWaga().should('have.text', 'waga nie jest poprawna');\ndane.wynikWzrost().should('have.text', 'wzrost nie jest poprawny');\ndane.wynikBMI().should('have.text', \"Wpisane dane są błędne. Popraw dane.\");",
                  "err": {},
                  "uuid": "dade3129-d9ca-4240-9978-5184ac8c78f6",
                  "parentUUID": "1c8c744b-d245-407d-9e5d-0a2e68e1c591",
                  "isHook": false,
                  "skipped": false
                },
                {
                  "title": "Test 7 - Wyświetlanie poprawnego wyniku w module Wyniki",
                  "fullTitle": "Testy Kalkulatora BMI Kalkulator BMI Test 7 - Wyświetlanie poprawnego wyniku w module Wyniki",
                  "timedOut": null,
                  "duration": 541,
                  "state": "passed",
                  "speed": "fast",
                  "pass": true,
                  "fail": false,
                  "pending": false,
                  "context": null,
                  "code": "cy.wpiszDaneMin();\ndane.wynikWaga().should('have.text', 'Twoja waga:40 kg');\ndane.wynikWzrost().should('have.text', 'Twój wzrost:120 cm');\ndane.wynikBMI().should('have.text', 'Twoje BMI wynosi:27.78');",
                  "err": {},
                  "uuid": "9c16f5bc-cf42-4466-96f9-a3997446fe08",
                  "parentUUID": "1c8c744b-d245-407d-9e5d-0a2e68e1c591",
                  "isHook": false,
                  "skipped": false
                },
                {
                  "title": "Test 8 - Wyświetlanie pomiaru w Historii Pomiarów",
                  "fullTitle": "Testy Kalkulatora BMI Kalkulator BMI Test 8 - Wyświetlanie pomiaru w Historii Pomiarów",
                  "timedOut": null,
                  "duration": 523,
                  "state": "passed",
                  "speed": "fast",
                  "pass": true,
                  "fail": false,
                  "pending": false,
                  "context": null,
                  "code": "cy.wpiszDaneMin();\ncy.get('.wynikDoHistorii').should($lis => {\n  expect($lis).to.have.length(1);\n  expect($lis).to.contain('40');\n  expect($lis).to.contain('120');\n  expect($lis).to.contain('27.78');\n});",
                  "err": {},
                  "uuid": "544b3399-df17-45c2-b7f9-0816e2f97383",
                  "parentUUID": "1c8c744b-d245-407d-9e5d-0a2e68e1c591",
                  "isHook": false,
                  "skipped": false
                },
                {
                  "title": "Test 9 - Czyszczenie pól formularza po wprowadzeniu poprawnych danych",
                  "fullTitle": "Testy Kalkulatora BMI Kalkulator BMI Test 9 - Czyszczenie pól formularza po wprowadzeniu poprawnych danych",
                  "timedOut": null,
                  "duration": 520,
                  "state": "passed",
                  "speed": "fast",
                  "pass": true,
                  "fail": false,
                  "pending": false,
                  "context": null,
                  "code": "cy.wpiszDaneMin();\ndane.podanaWaga().should('have.value', '');\ndane.podanyWzrost().should('have.value', '');",
                  "err": {},
                  "uuid": "350e3515-0f9a-4c20-8d51-08f6dda16790",
                  "parentUUID": "1c8c744b-d245-407d-9e5d-0a2e68e1c591",
                  "isHook": false,
                  "skipped": false
                },
                {
                  "title": "Test 10 - Brak czyszczenia formularza po wprowadzeniu niepoprawnych danych",
                  "fullTitle": "Testy Kalkulatora BMI Kalkulator BMI Test 10 - Brak czyszczenia formularza po wprowadzeniu niepoprawnych danych",
                  "timedOut": null,
                  "duration": 518,
                  "state": "passed",
                  "speed": "fast",
                  "pass": true,
                  "fail": false,
                  "pending": false,
                  "context": null,
                  "code": "dane.podanaWaga().type(_bledneDane.default[0].blednaWaga);\ndane.podanyWzrost().type(_bledneDane.default[1].blednyWzrost);\ndane.przyciskZatwierdz().click();\ndane.podanaWaga().should('have.value', _bledneDane.default[0].blednaWaga);\ndane.podanyWzrost().should('have.value', _bledneDane.default[1].blednyWzrost);",
                  "err": {},
                  "uuid": "6ea60c2c-d729-44fe-ac6c-085af23d90f6",
                  "parentUUID": "1c8c744b-d245-407d-9e5d-0a2e68e1c591",
                  "isHook": false,
                  "skipped": false
                },
                {
                  "title": "Test 11 - Pojawienie się informacji o zmianie BMI",
                  "fullTitle": "Testy Kalkulatora BMI Kalkulator BMI Test 11 - Pojawienie się informacji o zmianie BMI",
                  "timedOut": null,
                  "duration": 929,
                  "state": "passed",
                  "speed": "fast",
                  "pass": true,
                  "fail": false,
                  "pending": false,
                  "context": null,
                  "code": "cy.wpiszDaneMaks();\ncy.wpiszDaneMin();\ncy.get('.modul2 > .zmianaBMI').should($p => expect($p).not.to.be.empty);",
                  "err": {},
                  "uuid": "428707ba-3b02-4511-9714-40503ded05b7",
                  "parentUUID": "1c8c744b-d245-407d-9e5d-0a2e68e1c591",
                  "isHook": false,
                  "skipped": false
                },
                {
                  "title": "Test 12 - Wyświetlenie poprzedniego pomiaru w module wyników",
                  "fullTitle": "Testy Kalkulatora BMI Kalkulator BMI Test 12 - Wyświetlenie poprzedniego pomiaru w module wyników",
                  "timedOut": null,
                  "duration": 1013,
                  "state": "passed",
                  "speed": "fast",
                  "pass": true,
                  "fail": false,
                  "pending": false,
                  "context": null,
                  "code": "cy.wpiszDaneMaks();\ncy.get('.wynikDoHistorii').should($lis => {\n  expect($lis).to.have.length(1);\n});\ncy.wpiszDaneMin();\ncy.get('.wynikDoHistorii > li').should($lis => {\n  expect($lis).to.have.length(2);\n});\ncy.get('#klik1').click();\ndane.wynikWaga().should('have.text', 'Twoja waga:200 kg');\ndane.wynikWzrost().should('have.text', 'Twój wzrost:240 cm');\ndane.wynikBMI().should('have.text', 'Twoje BMI:34.72');",
                  "err": {},
                  "uuid": "baa508c7-0cf4-4b8a-b1d2-6f79172d1bc6",
                  "parentUUID": "1c8c744b-d245-407d-9e5d-0a2e68e1c591",
                  "isHook": false,
                  "skipped": false
                },
                {
                  "title": "Test 13 - Wyświetlenie poprawnej średniej pomiarów BMI",
                  "fullTitle": "Testy Kalkulatora BMI Kalkulator BMI Test 13 - Wyświetlenie poprawnej średniej pomiarów BMI",
                  "timedOut": null,
                  "duration": 896,
                  "state": "passed",
                  "speed": "fast",
                  "pass": true,
                  "fail": false,
                  "pending": false,
                  "context": null,
                  "code": "cy.wpiszDaneMaks();\ncy.wpiszDaneMin();\ncy.get('#sredniaBMI').should($p => {\n  expect($p).to.contain('31.25');\n});",
                  "err": {},
                  "uuid": "7d7be377-796c-4ef2-be50-e0766ac12439",
                  "parentUUID": "1c8c744b-d245-407d-9e5d-0a2e68e1c591",
                  "isHook": false,
                  "skipped": false
                }
              ],
              "suites": [],
              "passes": [
                "5686f6ce-4fee-44b5-bc6c-6724f439e668",
                "d76ad0bd-9b93-4753-b645-b23daf58a2fd",
                "221120ca-9ca6-42bd-bb4f-a0041888bd4b",
                "1998e205-558b-45a7-a75e-97b2a9326e34",
                "9a75644d-fab6-4085-96c0-cf83ef3bbd8d",
                "dade3129-d9ca-4240-9978-5184ac8c78f6",
                "9c16f5bc-cf42-4466-96f9-a3997446fe08",
                "544b3399-df17-45c2-b7f9-0816e2f97383",
                "350e3515-0f9a-4c20-8d51-08f6dda16790",
                "6ea60c2c-d729-44fe-ac6c-085af23d90f6",
                "428707ba-3b02-4511-9714-40503ded05b7",
                "baa508c7-0cf4-4b8a-b1d2-6f79172d1bc6",
                "7d7be377-796c-4ef2-be50-e0766ac12439"
              ],
              "failures": [],
              "pending": [],
              "skipped": [],
              "duration": 7645,
              "root": false,
              "rootEmpty": false,
              "_timeout": 2000
            }
          ],
          "passes": [],
          "failures": [],
          "pending": [],
          "skipped": [],
          "duration": 0,
          "root": false,
          "rootEmpty": false,
          "_timeout": 2000
        }
      ],
      "passes": [],
      "failures": [],
      "pending": [],
      "skipped": [],
      "duration": 0,
      "root": true,
      "rootEmpty": true,
      "_timeout": 2000
    }
  ],
  "meta": {
    "mocha": {
      "version": "7.0.1"
    },
    "mochawesome": {
      "options": {
        "quiet": false,
        "reportFilename": "[status]_[datetime]-[name]-report",
        "saveHtml": true,
        "saveJson": true,
        "consoleReporter": "spec",
        "useInlineDiffs": false,
        "code": true
      },
      "version": "7.1.3"
    },
    "marge": {
      "options": {
        "reportFilename": "[status]_[datetime]-[name]-report",
        "timestamp": "isoDateTime",
        "overwrite": false,
        "html": true,
        "json": true
      },
      "version": "6.2.0"
    }
  }
}